<?xml version="1.0" ?>
<!DOCTYPE coverage SYSTEM "http://cobertura.sourceforge.net/xml/coverage-04.dtd">
<coverage lines-valid="338"  lines-covered="266"  line-rate="0.787"  branches-valid="52"  branches-covered="36"  branch-rate="0.6923"  timestamp="1440627031407" complexity="0" version="0.1">
<sources>
	<source>/Users/ricardo/git_loadingplay/bodegas.cliente.js</source>
</sources>
<packages>
	<package name="dist"  line-rate="0.787"  branch-rate="0.6923" >
	<classes>
		<class name="bodegas.client.js"  filename="dist/bodegas.client.js"  line-rate="0.787"  branch-rate="0.6923" >
		<methods>
			<method name="(anonymous_1)"  hits="2"  signature="()V" >
				<lines><line number="10"  hits="2" /></lines>
			</method>
			<method name="(anonymous_2)"  hits="1"  signature="()V" >
				<lines><line number="17"  hits="1" /></lines>
			</method>
			<method name="(anonymous_3)"  hits="1"  signature="()V" >
				<lines><line number="20"  hits="1" /></lines>
			</method>
			<method name="(anonymous_4)"  hits="2"  signature="()V" >
				<lines><line number="31"  hits="2" /></lines>
			</method>
			<method name="(anonymous_5)"  hits="1"  signature="()V" >
				<lines><line number="45"  hits="1" /></lines>
			</method>
			<method name="(anonymous_6)"  hits="0"  signature="()V" >
				<lines><line number="51"  hits="0" /></lines>
			</method>
			<method name="(anonymous_7)"  hits="0"  signature="()V" >
				<lines><line number="60"  hits="0" /></lines>
			</method>
			<method name="(anonymous_8)"  hits="0"  signature="()V" >
				<lines><line number="67"  hits="0" /></lines>
			</method>
			<method name="(anonymous_9)"  hits="0"  signature="()V" >
				<lines><line number="80"  hits="0" /></lines>
			</method>
			<method name="(anonymous_10)"  hits="0"  signature="()V" >
				<lines><line number="108"  hits="0" /></lines>
			</method>
			<method name="(anonymous_11)"  hits="0"  signature="()V" >
				<lines><line number="117"  hits="0" /></lines>
			</method>
			<method name="(anonymous_12)"  hits="0"  signature="()V" >
				<lines><line number="121"  hits="0" /></lines>
			</method>
			<method name="(anonymous_13)"  hits="0"  signature="()V" >
				<lines><line number="123"  hits="0" /></lines>
			</method>
			<method name="(anonymous_14)"  hits="0"  signature="()V" >
				<lines><line number="130"  hits="0" /></lines>
			</method>
			<method name="(anonymous_15)"  hits="0"  signature="()V" >
				<lines><line number="138"  hits="0" /></lines>
			</method>
			<method name="(anonymous_16)"  hits="0"  signature="()V" >
				<lines><line number="143"  hits="0" /></lines>
			</method>
			<method name="(anonymous_17)"  hits="0"  signature="()V" >
				<lines><line number="145"  hits="0" /></lines>
			</method>
			<method name="(anonymous_18)"  hits="12"  signature="()V" >
				<lines><line number="157"  hits="12" /></lines>
			</method>
			<method name="(anonymous_19)"  hits="7"  signature="()V" >
				<lines><line number="163"  hits="7" /></lines>
			</method>
			<method name="(anonymous_20)"  hits="7"  signature="()V" >
				<lines><line number="185"  hits="7" /></lines>
			</method>
			<method name="(anonymous_21)"  hits="1"  signature="()V" >
				<lines><line number="195"  hits="1" /></lines>
			</method>
			<method name="(anonymous_22)"  hits="1"  signature="()V" >
				<lines><line number="197"  hits="1" /></lines>
			</method>
			<method name="(anonymous_23)"  hits="10"  signature="()V" >
				<lines><line number="208"  hits="10" /></lines>
			</method>
			<method name="(anonymous_24)"  hits="10"  signature="()V" >
				<lines><line number="222"  hits="10" /></lines>
			</method>
			<method name="(anonymous_25)"  hits="108"  signature="()V" >
				<lines><line number="235"  hits="108" /></lines>
			</method>
			<method name="(anonymous_26)"  hits="83"  signature="()V" >
				<lines><line number="240"  hits="83" /></lines>
			</method>
			<method name="(anonymous_27)"  hits="83"  signature="()V" >
				<lines><line number="245"  hits="83" /></lines>
			</method>
			<method name="(anonymous_28)"  hits="83"  signature="()V" >
				<lines><line number="250"  hits="83" /></lines>
			</method>
			<method name="(anonymous_29)"  hits="83"  signature="()V" >
				<lines><line number="255"  hits="83" /></lines>
			</method>
			<method name="(anonymous_30)"  hits="83"  signature="()V" >
				<lines><line number="260"  hits="83" /></lines>
			</method>
			<method name="(anonymous_31)"  hits="75"  signature="()V" >
				<lines><line number="265"  hits="75" /></lines>
			</method>
			<method name="(anonymous_32)"  hits="9"  signature="()V" >
				<lines><line number="269"  hits="9" /></lines>
			</method>
			<method name="(anonymous_33)"  hits="7"  signature="()V" >
				<lines><line number="275"  hits="7" /></lines>
			</method>
			<method name="(anonymous_34)"  hits="52"  signature="()V" >
				<lines><line number="285"  hits="52" /></lines>
			</method>
			<method name="(anonymous_35)"  hits="11"  signature="()V" >
				<lines><line number="310"  hits="11" /></lines>
			</method>
			<method name="(anonymous_36)"  hits="12"  signature="()V" >
				<lines><line number="323"  hits="12" /></lines>
			</method>
			<method name="(anonymous_37)"  hits="102"  signature="()V" >
				<lines><line number="344"  hits="102" /></lines>
			</method>
			<method name="(anonymous_38)"  hits="52"  signature="()V" >
				<lines><line number="349"  hits="52" /></lines>
			</method>
			<method name="(anonymous_39)"  hits="84"  signature="()V" >
				<lines><line number="363"  hits="84" /></lines>
			</method>
			<method name="(anonymous_40)"  hits="11"  signature="()V" >
				<lines><line number="376"  hits="11" /></lines>
			</method>
			<method name="(anonymous_41)"  hits="7"  signature="()V" >
				<lines><line number="392"  hits="7" /></lines>
			</method>
			<method name="(anonymous_42)"  hits="2"  signature="()V" >
				<lines><line number="411"  hits="2" /></lines>
			</method>
			<method name="(anonymous_43)"  hits="0"  signature="()V" >
				<lines><line number="416"  hits="0" /></lines>
			</method>
			<method name="(anonymous_44)"  hits="0"  signature="()V" >
				<lines><line number="418"  hits="0" /></lines>
			</method>
			<method name="(anonymous_45)"  hits="119"  signature="()V" >
				<lines><line number="427"  hits="119" /></lines>
			</method>
			<method name="(anonymous_46)"  hits="119"  signature="()V" >
				<lines><line number="431"  hits="119" /></lines>
			</method>
			<method name="(anonymous_47)"  hits="237"  signature="()V" >
				<lines><line number="447"  hits="237" /></lines>
			</method>
			<method name="(anonymous_48)"  hits="1"  signature="()V" >
				<lines><line number="464"  hits="1" /></lines>
			</method>
			<method name="(anonymous_49)"  hits="4"  signature="()V" >
				<lines><line number="477"  hits="4" /></lines>
			</method>
			<method name="(anonymous_50)"  hits="0"  signature="()V" >
				<lines><line number="496"  hits="0" /></lines>
			</method>
			<method name="(anonymous_51)"  hits="0"  signature="()V" >
				<lines><line number="503"  hits="0" /></lines>
			</method>
			<method name="(anonymous_52)"  hits="0"  signature="()V" >
				<lines><line number="508"  hits="0" /></lines>
			</method>
			<method name="(anonymous_53)"  hits="0"  signature="()V" >
				<lines><line number="519"  hits="0" /></lines>
			</method>
			<method name="(anonymous_54)"  hits="0"  signature="()V" >
				<lines><line number="527"  hits="0" /></lines>
			</method>
			<method name="(anonymous_55)"  hits="0"  signature="()V" >
				<lines><line number="534"  hits="0" /></lines>
			</method>
			<method name="(anonymous_56)"  hits="0"  signature="()V" >
				<lines><line number="549"  hits="0" /></lines>
			</method>
			<method name="(anonymous_57)"  hits="0"  signature="()V" >
				<lines><line number="552"  hits="0" /></lines>
			</method>
			<method name="(anonymous_58)"  hits="1"  signature="()V" >
				<lines><line number="565"  hits="1" /></lines>
			</method>
			<method name="(anonymous_59)"  hits="1"  signature="()V" >
				<lines><line number="573"  hits="1" /></lines>
			</method>
			<method name="(anonymous_60)"  hits="0"  signature="()V" >
				<lines><line number="579"  hits="0" /></lines>
			</method>
			<method name="(anonymous_61)"  hits="1"  signature="()V" >
				<lines><line number="595"  hits="1" /></lines>
			</method>
			<method name="(anonymous_62)"  hits="10"  signature="()V" >
				<lines><line number="610"  hits="10" /></lines>
			</method>
			<method name="(anonymous_63)"  hits="10"  signature="()V" >
				<lines><line number="614"  hits="10" /></lines>
			</method>
			<method name="(anonymous_64)"  hits="10"  signature="()V" >
				<lines><line number="626"  hits="10" /></lines>
			</method>
			<method name="(anonymous_65)"  hits="10"  signature="()V" >
				<lines><line number="640"  hits="10" /></lines>
			</method>
			<method name="(anonymous_66)"  hits="10"  signature="()V" >
				<lines><line number="660"  hits="10" /></lines>
			</method>
			<method name="(anonymous_67)"  hits="36"  signature="()V" >
				<lines><line number="665"  hits="36" /></lines>
			</method>
			<method name="(anonymous_68)"  hits="10"  signature="()V" >
				<lines><line number="672"  hits="10" /></lines>
			</method>
			<method name="(anonymous_69)"  hits="10"  signature="()V" >
				<lines><line number="679"  hits="10" /></lines>
			</method>
			<method name="(anonymous_70)"  hits="10"  signature="()V" >
				<lines><line number="686"  hits="10" /></lines>
			</method>
			<method name="(anonymous_71)"  hits="10"  signature="()V" >
				<lines><line number="700"  hits="10" /></lines>
			</method>
			<method name="(anonymous_72)"  hits="36"  signature="()V" >
				<lines><line number="707"  hits="36" /></lines>
			</method>
			<method name="(anonymous_73)"  hits="10"  signature="()V" >
				<lines><line number="716"  hits="10" /></lines>
			</method>
			<method name="(anonymous_74)"  hits="10"  signature="()V" >
				<lines><line number="723"  hits="10" /></lines>
			</method>
			<method name="(anonymous_75)"  hits="83"  signature="()V" >
				<lines><line number="734"  hits="83" /></lines>
			</method>
			<method name="(anonymous_76)"  hits="83"  signature="()V" >
				<lines><line number="742"  hits="83" /></lines>
			</method>
			<method name="(anonymous_77)"  hits="83"  signature="()V" >
				<lines><line number="759"  hits="83" /></lines>
			</method>
			<method name="(anonymous_78)"  hits="83"  signature="()V" >
				<lines><line number="769"  hits="83" /></lines>
			</method>
		</methods>
		<lines>
			<line number="10"  hits="1"  branch="false" />
			<line number="12"  hits="2"  branch="false" />
			<line number="13"  hits="2"  branch="false" />
			<line number="14"  hits="2"  branch="false" />
			<line number="17"  hits="1"  branch="false" />
			<line number="19"  hits="1"  branch="false" />
			<line number="20"  hits="1"  branch="false" />
			<line number="22"  hits="1"  branch="true"  condition-coverage="50% (1/2)" />
			<line number="24"  hits="1"  branch="false" />
			<line number="25"  hits="1"  branch="false" />
			<line number="31"  hits="1"  branch="false" />
			<line number="33"  hits="2"  branch="false" />
			<line number="34"  hits="2"  branch="false" />
			<line number="35"  hits="2"  branch="false" />
			<line number="36"  hits="2"  branch="false" />
			<line number="43"  hits="1"  branch="false" />
			<line number="45"  hits="1"  branch="false" />
			<line number="48"  hits="1"  branch="false" />
			<line number="49"  hits="1"  branch="false" />
			<line number="50"  hits="1"  branch="false" />
			<line number="53"  hits="0"  branch="false" />
			<line number="54"  hits="0"  branch="false" />
			<line number="55"  hits="0"  branch="false" />
			<line number="56"  hits="0"  branch="false" />
			<line number="58"  hits="0"  branch="false" />
			<line number="62"  hits="0"  branch="false" />
			<line number="63"  hits="0"  branch="false" />
			<line number="65"  hits="0"  branch="false" />
			<line number="69"  hits="0"  branch="false" />
			<line number="70"  hits="0"  branch="false" />
			<line number="71"  hits="0"  branch="false" />
			<line number="72"  hits="0"  branch="false" />
			<line number="74"  hits="0"  branch="false" />
			<line number="80"  hits="1"  branch="false" />
			<line number="82"  hits="0"  branch="false" />
			<line number="83"  hits="0"  branch="false" />
			<line number="90"  hits="0"  branch="true"  condition-coverage="0% (0/2)" />
			<line number="92"  hits="0"  branch="false" />
			<line number="96"  hits="0"  branch="false" />
			<line number="99"  hits="0"  branch="false" />
			<line number="100"  hits="0"  branch="false" />
			<line number="102"  hits="0"  branch="false" />
			<line number="108"  hits="1"  branch="false" />
			<line number="110"  hits="0"  branch="false" />
			<line number="111"  hits="0"  branch="false" />
			<line number="112"  hits="0"  branch="false" />
			<line number="113"  hits="0"  branch="false" />
			<line number="117"  hits="1"  branch="false" />
			<line number="119"  hits="0"  branch="false" />
			<line number="121"  hits="0"  branch="false" />
			<line number="123"  hits="0"  branch="false" />
			<line number="125"  hits="0"  branch="false" />
			<line number="128"  hits="0"  branch="false" />
			<line number="132"  hits="0"  branch="false" />
			<line number="138"  hits="1"  branch="false" />
			<line number="140"  hits="0"  branch="true"  condition-coverage="0% (0/2)" />
			<line number="141"  hits="0"  branch="false" />
			<line number="143"  hits="0"  branch="false" />
			<line number="145"  hits="0"  branch="false" />
			<line number="147"  hits="0"  branch="false" />
			<line number="155"  hits="1"  branch="false" />
			<line number="157"  hits="1"  branch="false" />
			<line number="159"  hits="12"  branch="false" />
			<line number="163"  hits="1"  branch="false" />
			<line number="165"  hits="7"  branch="false" />
			<line number="166"  hits="7"  branch="false" />
			<line number="168"  hits="7"  branch="true"  condition-coverage="100% (2/2)" />
			<line number="170"  hits="6"  branch="false" />
			<line number="174"  hits="1"  branch="false" />
			<line number="177"  hits="7"  branch="true"  condition-coverage="75% (3/4)" />
			<line number="179"  hits="0"  branch="false" />
			<line number="182"  hits="7"  branch="false" />
			<line number="187"  hits="7"  branch="true"  condition-coverage="100% (2/2)" />
			<line number="189"  hits="6"  branch="false" />
			<line number="191"  hits="7"  branch="false" />
			<line number="195"  hits="1"  branch="false" />
			<line number="197"  hits="1"  branch="false" />
			<line number="199"  hits="1"  branch="false" />
			<line number="206"  hits="1"  branch="false" />
			<line number="208"  hits="1"  branch="false" />
			<line number="210"  hits="10"  branch="false" />
			<line number="211"  hits="10"  branch="false" />
			<line number="212"  hits="10"  branch="false" />
			<line number="213"  hits="10"  branch="false" />
			<line number="214"  hits="10"  branch="false" />
			<line number="215"  hits="10"  branch="false" />
			<line number="216"  hits="10"  branch="false" />
			<line number="217"  hits="10"  branch="false" />
			<line number="219"  hits="10"  branch="false" />
			<line number="222"  hits="1"  branch="false" />
			<line number="224"  hits="10"  branch="false" />
			<line number="225"  hits="10"  branch="false" />
			<line number="227"  hits="10"  branch="true"  condition-coverage="100% (4/4)" />
			<line number="229"  hits="4"  branch="false" />
			<line number="230"  hits="4"  branch="false" />
			<line number="232"  hits="10"  branch="false" />
			<line number="235"  hits="1"  branch="false" />
			<line number="237"  hits="108"  branch="false" />
			<line number="240"  hits="1"  branch="false" />
			<line number="242"  hits="83"  branch="false" />
			<line number="245"  hits="1"  branch="false" />
			<line number="247"  hits="83"  branch="false" />
			<line number="250"  hits="1"  branch="false" />
			<line number="252"  hits="83"  branch="false" />
			<line number="255"  hits="1"  branch="false" />
			<line number="257"  hits="83"  branch="false" />
			<line number="260"  hits="1"  branch="false" />
			<line number="262"  hits="83"  branch="false" />
			<line number="265"  hits="1"  branch="false" />
			<line number="267"  hits="75"  branch="false" />
			<line number="275"  hits="1"  branch="false" />
			<line number="277"  hits="7"  branch="false" />
			<line number="279"  hits="2"  branch="false" />
			<line number="281"  hits="2"  branch="false" />
			<line number="285"  hits="1"  branch="false" />
			<line number="287"  hits="52"  branch="true"  condition-coverage="100% (2/2)" />
			<line number="289"  hits="24"  branch="false" />
			<line number="298"  hits="52"  branch="false" />
			<line number="300"  hits="91"  branch="true"  condition-coverage="100% (2/2)" />
			<line number="302"  hits="52"  branch="false" />
			<line number="303"  hits="52"  branch="false" />
			<line number="304"  hits="52"  branch="false" />
			<line number="305"  hits="52"  branch="false" />
			<line number="310"  hits="1"  branch="false" />
			<line number="312"  hits="11"  branch="false" />
			<line number="314"  hits="15"  branch="true"  condition-coverage="100% (2/2)" />
			<line number="316"  hits="11"  branch="false" />
			<line number="317"  hits="11"  branch="false" />
			<line number="318"  hits="11"  branch="false" />
			<line number="323"  hits="1"  branch="false" />
			<line number="325"  hits="12"  branch="false" />
			<line number="327"  hits="16"  branch="true"  condition-coverage="100% (2/2)" />
			<line number="329"  hits="12"  branch="false" />
			<line number="330"  hits="12"  branch="false" />
			<line number="332"  hits="12"  branch="true"  condition-coverage="100% (2/2)" />
			<line number="334"  hits="1"  branch="false" />
			<line number="337"  hits="12"  branch="false" />
			<line number="338"  hits="12"  branch="false" />
			<line number="344"  hits="1"  branch="false" />
			<line number="346"  hits="102"  branch="false" />
			<line number="349"  hits="1"  branch="false" />
			<line number="351"  hits="52"  branch="false" />
			<line number="353"  hits="52"  branch="false" />
			<line number="355"  hits="67"  branch="true"  condition-coverage="100% (2/2)" />
			<line number="357"  hits="28"  branch="false" />
			<line number="360"  hits="24"  branch="false" />
			<line number="363"  hits="1"  branch="false" />
			<line number="365"  hits="84"  branch="false" />
			<line number="367"  hits="84"  branch="false" />
			<line number="369"  hits="143"  branch="false" />
			<line number="370"  hits="143"  branch="false" />
			<line number="373"  hits="84"  branch="false" />
			<line number="376"  hits="1"  branch="false" />
			<line number="378"  hits="11"  branch="false" />
			<line number="379"  hits="11"  branch="true"  condition-coverage="100% (2/2)" />
			<line number="381"  hits="11"  branch="false" />
			<line number="387"  hits="11"  branch="false" />
			<line number="394"  hits="7"  branch="false" />
			<line number="395"  hits="7"  branch="false" />
			<line number="396"  hits="7"  branch="false" />
			<line number="397"  hits="7"  branch="false" />
			<line number="398"  hits="7"  branch="false" />
			<line number="399"  hits="7"  branch="false" />
			<line number="400"  hits="7"  branch="false" />
			<line number="401"  hits="7"  branch="false" />
			<line number="403"  hits="7"  branch="false" />
			<line number="409"  hits="1"  branch="false" />
			<line number="411"  hits="1"  branch="false" />
			<line number="413"  hits="2"  branch="false" />
			<line number="416"  hits="1"  branch="false" />
			<line number="418"  hits="0"  branch="false" />
			<line number="420"  hits="0"  branch="false" />
			<line number="423"  hits="1"  branch="false" />
			<line number="425"  hits="1"  branch="false" />
			<line number="429"  hits="119"  branch="false" />
			<line number="433"  hits="119"  branch="true"  condition-coverage="100% (2/2)" />
			<line number="435"  hits="1"  branch="false" />
			<line number="438"  hits="119"  branch="false" />
			<line number="440"  hits="119"  branch="true"  condition-coverage="100% (2/2)" />
			<line number="442"  hits="117"  branch="false" />
			<line number="445"  hits="119"  branch="false" />
			<line number="449"  hits="237"  branch="true"  condition-coverage="100% (2/2)" />
			<line number="450"  hits="60"  branch="false" />
			<line number="452"  hits="60"  branch="false" />
			<line number="454"  hits="292"  branch="false" />
			<line number="456"  hits="292"  branch="false" />
			<line number="458"  hits="257"  branch="false" />
			<line number="462"  hits="60"  branch="false" />
			<line number="466"  hits="1"  branch="false" />
			<line number="467"  hits="1"  branch="false" />
			<line number="468"  hits="1"  branch="false" />
			<line number="470"  hits="1"  branch="false" />
			<line number="471"  hits="1"  branch="true"  condition-coverage="50% (1/2)" />
			<line number="473"  hits="1"  branch="false" />
			<line number="480"  hits="4"  branch="false" />
			<line number="481"  hits="4"  branch="false" />
			<line number="482"  hits="4"  branch="false" />
			<line number="483"  hits="144"  branch="false" />
			<line number="485"  hits="4"  branch="false" />
			<line number="486"  hits="4"  branch="false" />
			<line number="487"  hits="4"  branch="false" />
			<line number="489"  hits="4"  branch="false" />
			<line number="490"  hits="4"  branch="false" />
			<line number="494"  hits="1"  branch="false" />
			<line number="496"  hits="1"  branch="false" />
			<line number="498"  hits="0"  branch="false" />
			<line number="500"  hits="0"  branch="false" />
			<line number="503"  hits="1"  branch="false" />
			<line number="505"  hits="0"  branch="false" />
			<line number="508"  hits="1"  branch="false" />
			<line number="510"  hits="0"  branch="false" />
			<line number="511"  hits="0"  branch="false" />
			<line number="512"  hits="0"  branch="false" />
			<line number="514"  hits="0"  branch="false" />
			<line number="516"  hits="0"  branch="false" />
			<line number="519"  hits="1"  branch="false" />
			<line number="521"  hits="0"  branch="false" />
			<line number="522"  hits="0"  branch="false" />
			<line number="523"  hits="0"  branch="false" />
			<line number="524"  hits="0"  branch="false" />
			<line number="525"  hits="0"  branch="false" />
			<line number="527"  hits="0"  branch="false" />
			<line number="529"  hits="0"  branch="true"  condition-coverage="0% (0/2)" />
			<line number="531"  hits="0"  branch="false" />
			<line number="534"  hits="0"  branch="false" />
			<line number="536"  hits="0"  branch="true"  condition-coverage="0% (0/2)" />
			<line number="538"  hits="0"  branch="false" />
			<line number="539"  hits="0"  branch="false" />
			<line number="540"  hits="0"  branch="false" />
			<line number="543"  hits="0"  branch="false" />
			<line number="549"  hits="1"  branch="false" />
			<line number="551"  hits="0"  branch="false" />
			<line number="552"  hits="0"  branch="false" />
			<line number="554"  hits="0"  branch="false" />
			<line number="557"  hits="0"  branch="false" />
			<line number="563"  hits="1"  branch="false" />
			<line number="565"  hits="1"  branch="false" />
			<line number="567"  hits="1"  branch="false" />
			<line number="568"  hits="1"  branch="false" />
			<line number="570"  hits="1"  branch="false" />
			<line number="573"  hits="1"  branch="false" />
			<line number="575"  hits="1"  branch="false" />
			<line number="576"  hits="1"  branch="false" />
			<line number="579"  hits="1"  branch="false" />
			<line number="582"  hits="0"  branch="true"  condition-coverage="0% (0/2)" />
			<line number="584"  hits="0"  branch="false" />
			<line number="585"  hits="0"  branch="false" />
			<line number="587"  hits="0"  branch="false" />
			<line number="588"  hits="0"  branch="false" />
			<line number="590"  hits="0"  branch="false" />
			<line number="595"  hits="1"  branch="false" />
			<line number="597"  hits="1"  branch="false" />
			<line number="598"  hits="1"  branch="false" />
			<line number="600"  hits="10"  branch="false" />
			<line number="601"  hits="10"  branch="false" />
			<line number="603"  hits="10"  branch="false" />
			<line number="605"  hits="10"  branch="false" />
			<line number="610"  hits="1"  branch="false" />
			<line number="612"  hits="10"  branch="false" />
			<line number="614"  hits="10"  branch="false" />
			<line number="616"  hits="10"  branch="true"  condition-coverage="50% (1/2)" />
			<line number="618"  hits="0"  branch="false" />
			<line number="621"  hits="10"  branch="true"  condition-coverage="50% (1/2)" />
			<line number="623"  hits="10"  branch="false" />
			<line number="624"  hits="10"  branch="false" />
			<line number="626"  hits="10"  branch="false" />
			<line number="628"  hits="10"  branch="false" />
			<line number="630"  hits="10"  branch="false" />
			<line number="638"  hits="1"  branch="false" />
			<line number="640"  hits="1"  branch="false" />
			<line number="642"  hits="10"  branch="false" />
			<line number="643"  hits="10"  branch="true"  condition-coverage="50% (1/2)" />
			<line number="644"  hits="10"  branch="false" />
			<line number="652"  hits="10"  branch="false" />
			<line number="653"  hits="10"  branch="false" />
			<line number="654"  hits="10"  branch="false" />
			<line number="655"  hits="10"  branch="false" />
			<line number="657"  hits="10"  branch="false" />
			<line number="660"  hits="1"  branch="false" />
			<line number="662"  hits="10"  branch="false" />
			<line number="663"  hits="10"  branch="false" />
			<line number="665"  hits="10"  branch="false" />
			<line number="667"  hits="36"  branch="false" />
			<line number="668"  hits="36"  branch="false" />
			<line number="669"  hits="36"  branch="false" />
			<line number="672"  hits="10"  branch="false" />
			<line number="674"  hits="10"  branch="false" />
			<line number="675"  hits="10"  branch="false" />
			<line number="676"  hits="10"  branch="false" />
			<line number="679"  hits="10"  branch="false" />
			<line number="681"  hits="10"  branch="false" />
			<line number="682"  hits="10"  branch="false" />
			<line number="683"  hits="10"  branch="false" />
			<line number="686"  hits="10"  branch="false" />
			<line number="688"  hits="10"  branch="false" />
			<line number="689"  hits="10"  branch="false" />
			<line number="690"  hits="10"  branch="false" />
			<line number="693"  hits="10"  branch="false" />
			<line number="700"  hits="1"  branch="false" />
			<line number="702"  hits="10"  branch="false" />
			<line number="704"  hits="10"  branch="false" />
			<line number="707"  hits="1"  branch="false" />
			<line number="709"  hits="36"  branch="false" />
			<line number="710"  hits="36"  branch="false" />
			<line number="711"  hits="36"  branch="false" />
			<line number="713"  hits="36"  branch="false" />
			<line number="716"  hits="1"  branch="false" />
			<line number="718"  hits="10"  branch="false" />
			<line number="720"  hits="10"  branch="false" />
			<line number="723"  hits="1"  branch="false" />
			<line number="725"  hits="10"  branch="false" />
			<line number="727"  hits="10"  branch="false" />
			<line number="734"  hits="1"  branch="false" />
			<line number="736"  hits="83"  branch="false" />
			<line number="737"  hits="83"  branch="false" />
			<line number="738"  hits="83"  branch="false" />
			<line number="739"  hits="83"  branch="false" />
			<line number="742"  hits="1"  branch="false" />
			<line number="744"  hits="83"  branch="false" />
			<line number="745"  hits="83"  branch="false" />
			<line number="746"  hits="83"  branch="false" />
			<line number="747"  hits="83"  branch="false" />
			<line number="748"  hits="83"  branch="false" />
			<line number="749"  hits="83"  branch="false" />
			<line number="751"  hits="83"  branch="false" />
			<line number="752"  hits="83"  branch="false" />
			<line number="753"  hits="83"  branch="false" />
			<line number="754"  hits="83"  branch="false" />
			<line number="755"  hits="83"  branch="false" />
			<line number="756"  hits="83"  branch="false" />
			<line number="759"  hits="1"  branch="false" />
			<line number="761"  hits="83"  branch="false" />
			<line number="762"  hits="83"  branch="false" />
			<line number="764"  hits="142"  branch="false" />
			<line number="765"  hits="142"  branch="false" />
			<line number="769"  hits="1"  branch="false" />
			<line number="771"  hits="83"  branch="false" />
			<line number="772"  hits="83"  branch="false" />
		</lines>
		</class>
	</classes>
	</package>
</packages>
</coverage>
