<?xml version="1.0" ?>
<!DOCTYPE coverage SYSTEM "http://cobertura.sourceforge.net/xml/coverage-04.dtd">
<coverage lines-valid="280"  lines-covered="191"  line-rate="0.6820999999999999"  branches-valid="48"  branches-covered="30"  branch-rate="0.625"  timestamp="1438980867582" complexity="0" version="0.1">
<sources>
	<source>/Users/ricardo/git_loadingplay/bodegas.cliente.js</source>
</sources>
<packages>
	<package name="dist"  line-rate="0.6820999999999999"  branch-rate="0.625" >
	<classes>
		<class name="bodegas.client.js"  filename="dist/bodegas.client.js"  line-rate="0.6820999999999999"  branch-rate="0.625" >
		<methods>
			<method name="(anonymous_1)"  hits="0"  signature="()V" >
				<lines><line number="9"  hits="0" /></lines>
			</method>
			<method name="(anonymous_2)"  hits="0"  signature="()V" >
				<lines><line number="16"  hits="0" /></lines>
			</method>
			<method name="(anonymous_3)"  hits="0"  signature="()V" >
				<lines><line number="19"  hits="0" /></lines>
			</method>
			<method name="(anonymous_4)"  hits="0"  signature="()V" >
				<lines><line number="30"  hits="0" /></lines>
			</method>
			<method name="(anonymous_5)"  hits="1"  signature="()V" >
				<lines><line number="43"  hits="1" /></lines>
			</method>
			<method name="(anonymous_6)"  hits="0"  signature="()V" >
				<lines><line number="48"  hits="0" /></lines>
			</method>
			<method name="(anonymous_7)"  hits="0"  signature="()V" >
				<lines><line number="55"  hits="0" /></lines>
			</method>
			<method name="(anonymous_8)"  hits="0"  signature="()V" >
				<lines><line number="66"  hits="0" /></lines>
			</method>
			<method name="(anonymous_9)"  hits="0"  signature="()V" >
				<lines><line number="94"  hits="0" /></lines>
			</method>
			<method name="(anonymous_10)"  hits="0"  signature="()V" >
				<lines><line number="103"  hits="0" /></lines>
			</method>
			<method name="(anonymous_11)"  hits="0"  signature="()V" >
				<lines><line number="107"  hits="0" /></lines>
			</method>
			<method name="(anonymous_12)"  hits="0"  signature="()V" >
				<lines><line number="109"  hits="0" /></lines>
			</method>
			<method name="(anonymous_13)"  hits="0"  signature="()V" >
				<lines><line number="116"  hits="0" /></lines>
			</method>
			<method name="(anonymous_14)"  hits="0"  signature="()V" >
				<lines><line number="124"  hits="0" /></lines>
			</method>
			<method name="(anonymous_15)"  hits="0"  signature="()V" >
				<lines><line number="129"  hits="0" /></lines>
			</method>
			<method name="(anonymous_16)"  hits="0"  signature="()V" >
				<lines><line number="131"  hits="0" /></lines>
			</method>
			<method name="(anonymous_17)"  hits="10"  signature="()V" >
				<lines><line number="143"  hits="10" /></lines>
			</method>
			<method name="(anonymous_18)"  hits="7"  signature="()V" >
				<lines><line number="149"  hits="7" /></lines>
			</method>
			<method name="(anonymous_19)"  hits="7"  signature="()V" >
				<lines><line number="171"  hits="7" /></lines>
			</method>
			<method name="(anonymous_20)"  hits="1"  signature="()V" >
				<lines><line number="182"  hits="1" /></lines>
			</method>
			<method name="(anonymous_21)"  hits="1"  signature="()V" >
				<lines><line number="184"  hits="1" /></lines>
			</method>
			<method name="(anonymous_22)"  hits="8"  signature="()V" >
				<lines><line number="194"  hits="8" /></lines>
			</method>
			<method name="(anonymous_23)"  hits="8"  signature="()V" >
				<lines><line number="200"  hits="8" /></lines>
			</method>
			<method name="(anonymous_24)"  hits="4"  signature="()V" >
				<lines><line number="213"  hits="4" /></lines>
			</method>
			<method name="(anonymous_25)"  hits="14"  signature="()V" >
				<lines><line number="218"  hits="14" /></lines>
			</method>
			<method name="(anonymous_26)"  hits="5"  signature="()V" >
				<lines><line number="222"  hits="5" /></lines>
			</method>
			<method name="(anonymous_27)"  hits="1"  signature="()V" >
				<lines><line number="228"  hits="1" /></lines>
			</method>
			<method name="(anonymous_28)"  hits="14"  signature="()V" >
				<lines><line number="238"  hits="14" /></lines>
			</method>
			<method name="(anonymous_29)"  hits="3"  signature="()V" >
				<lines><line number="263"  hits="3" /></lines>
			</method>
			<method name="(anonymous_30)"  hits="4"  signature="()V" >
				<lines><line number="277"  hits="4" /></lines>
			</method>
			<method name="(anonymous_31)"  hits="31"  signature="()V" >
				<lines><line number="298"  hits="31" /></lines>
			</method>
			<method name="(anonymous_32)"  hits="14"  signature="()V" >
				<lines><line number="303"  hits="14" /></lines>
			</method>
			<method name="(anonymous_33)"  hits="13"  signature="()V" >
				<lines><line number="317"  hits="13" /></lines>
			</method>
			<method name="(anonymous_34)"  hits="1"  signature="()V" >
				<lines><line number="330"  hits="1" /></lines>
			</method>
			<method name="(anonymous_35)"  hits="1"  signature="()V" >
				<lines><line number="340"  hits="1" /></lines>
			</method>
			<method name="(anonymous_36)"  hits="0"  signature="()V" >
				<lines><line number="351"  hits="0" /></lines>
			</method>
			<method name="(anonymous_37)"  hits="0"  signature="()V" >
				<lines><line number="356"  hits="0" /></lines>
			</method>
			<method name="(anonymous_38)"  hits="0"  signature="()V" >
				<lines><line number="358"  hits="0" /></lines>
			</method>
			<method name="(anonymous_39)"  hits="36"  signature="()V" >
				<lines><line number="367"  hits="36" /></lines>
			</method>
			<method name="(anonymous_40)"  hits="36"  signature="()V" >
				<lines><line number="371"  hits="36" /></lines>
			</method>
			<method name="(anonymous_41)"  hits="44"  signature="()V" >
				<lines><line number="387"  hits="44" /></lines>
			</method>
			<method name="(anonymous_42)"  hits="1"  signature="()V" >
				<lines><line number="403"  hits="1" /></lines>
			</method>
			<method name="(anonymous_43)"  hits="0"  signature="()V" >
				<lines><line number="416"  hits="0" /></lines>
			</method>
			<method name="(anonymous_44)"  hits="0"  signature="()V" >
				<lines><line number="435"  hits="0" /></lines>
			</method>
			<method name="(anonymous_45)"  hits="0"  signature="()V" >
				<lines><line number="442"  hits="0" /></lines>
			</method>
			<method name="(anonymous_46)"  hits="0"  signature="()V" >
				<lines><line number="447"  hits="0" /></lines>
			</method>
			<method name="(anonymous_47)"  hits="0"  signature="()V" >
				<lines><line number="458"  hits="0" /></lines>
			</method>
			<method name="(anonymous_48)"  hits="0"  signature="()V" >
				<lines><line number="466"  hits="0" /></lines>
			</method>
			<method name="(anonymous_49)"  hits="0"  signature="()V" >
				<lines><line number="473"  hits="0" /></lines>
			</method>
			<method name="(anonymous_50)"  hits="0"  signature="()V" >
				<lines><line number="488"  hits="0" /></lines>
			</method>
			<method name="(anonymous_51)"  hits="0"  signature="()V" >
				<lines><line number="491"  hits="0" /></lines>
			</method>
			<method name="(anonymous_52)"  hits="1"  signature="()V" >
				<lines><line number="504"  hits="1" /></lines>
			</method>
			<method name="(anonymous_53)"  hits="1"  signature="()V" >
				<lines><line number="512"  hits="1" /></lines>
			</method>
			<method name="(anonymous_54)"  hits="0"  signature="()V" >
				<lines><line number="518"  hits="0" /></lines>
			</method>
			<method name="(anonymous_55)"  hits="1"  signature="()V" >
				<lines><line number="531"  hits="1" /></lines>
			</method>
			<method name="(anonymous_56)"  hits="10"  signature="()V" >
				<lines><line number="546"  hits="10" /></lines>
			</method>
			<method name="(anonymous_57)"  hits="10"  signature="()V" >
				<lines><line number="550"  hits="10" /></lines>
			</method>
			<method name="(anonymous_58)"  hits="7"  signature="()V" >
				<lines><line number="562"  hits="7" /></lines>
			</method>
			<method name="(anonymous_59)"  hits="2"  signature="()V" >
				<lines><line number="576"  hits="2" /></lines>
			</method>
			<method name="(anonymous_60)"  hits="2"  signature="()V" >
				<lines><line number="594"  hits="2" /></lines>
			</method>
			<method name="(anonymous_61)"  hits="6"  signature="()V" >
				<lines><line number="598"  hits="6" /></lines>
			</method>
			<method name="(anonymous_62)"  hits="2"  signature="()V" >
				<lines><line number="604"  hits="2" /></lines>
			</method>
			<method name="(anonymous_63)"  hits="2"  signature="()V" >
				<lines><line number="610"  hits="2" /></lines>
			</method>
			<method name="(anonymous_64)"  hits="2"  signature="()V" >
				<lines><line number="616"  hits="2" /></lines>
			</method>
			<method name="(anonymous_65)"  hits="2"  signature="()V" >
				<lines><line number="628"  hits="2" /></lines>
			</method>
			<method name="(anonymous_66)"  hits="6"  signature="()V" >
				<lines><line number="635"  hits="6" /></lines>
			</method>
			<method name="(anonymous_67)"  hits="2"  signature="()V" >
				<lines><line number="644"  hits="2" /></lines>
			</method>
			<method name="(anonymous_68)"  hits="2"  signature="()V" >
				<lines><line number="651"  hits="2" /></lines>
			</method>
			<method name="(anonymous_69)"  hits="12"  signature="()V" >
				<lines><line number="662"  hits="12" /></lines>
			</method>
			<method name="(anonymous_70)"  hits="12"  signature="()V" >
				<lines><line number="669"  hits="12" /></lines>
			</method>
			<method name="(anonymous_71)"  hits="12"  signature="()V" >
				<lines><line number="679"  hits="12" /></lines>
			</method>
		</methods>
		<lines>
			<line number="9"  hits="1"  branch="false" />
			<line number="11"  hits="0"  branch="false" />
			<line number="12"  hits="0"  branch="false" />
			<line number="13"  hits="0"  branch="false" />
			<line number="16"  hits="1"  branch="false" />
			<line number="18"  hits="0"  branch="false" />
			<line number="19"  hits="0"  branch="false" />
			<line number="21"  hits="0"  branch="true"  condition-coverage="0% (0/2)" />
			<line number="23"  hits="0"  branch="false" />
			<line number="24"  hits="0"  branch="false" />
			<line number="30"  hits="1"  branch="false" />
			<line number="32"  hits="0"  branch="false" />
			<line number="33"  hits="0"  branch="false" />
			<line number="34"  hits="0"  branch="false" />
			<line number="41"  hits="1"  branch="false" />
			<line number="43"  hits="1"  branch="false" />
			<line number="46"  hits="1"  branch="false" />
			<line number="47"  hits="1"  branch="false" />
			<line number="50"  hits="0"  branch="false" />
			<line number="51"  hits="0"  branch="false" />
			<line number="53"  hits="0"  branch="false" />
			<line number="57"  hits="0"  branch="false" />
			<line number="58"  hits="0"  branch="false" />
			<line number="60"  hits="0"  branch="false" />
			<line number="66"  hits="1"  branch="false" />
			<line number="68"  hits="0"  branch="false" />
			<line number="69"  hits="0"  branch="false" />
			<line number="76"  hits="0"  branch="true"  condition-coverage="0% (0/2)" />
			<line number="78"  hits="0"  branch="false" />
			<line number="82"  hits="0"  branch="false" />
			<line number="85"  hits="0"  branch="false" />
			<line number="86"  hits="0"  branch="false" />
			<line number="88"  hits="0"  branch="false" />
			<line number="94"  hits="1"  branch="false" />
			<line number="96"  hits="0"  branch="false" />
			<line number="97"  hits="0"  branch="false" />
			<line number="98"  hits="0"  branch="false" />
			<line number="99"  hits="0"  branch="false" />
			<line number="103"  hits="1"  branch="false" />
			<line number="105"  hits="0"  branch="false" />
			<line number="107"  hits="0"  branch="false" />
			<line number="109"  hits="0"  branch="false" />
			<line number="111"  hits="0"  branch="false" />
			<line number="114"  hits="0"  branch="false" />
			<line number="118"  hits="0"  branch="false" />
			<line number="124"  hits="1"  branch="false" />
			<line number="126"  hits="0"  branch="true"  condition-coverage="0% (0/2)" />
			<line number="127"  hits="0"  branch="false" />
			<line number="129"  hits="0"  branch="false" />
			<line number="131"  hits="0"  branch="false" />
			<line number="133"  hits="0"  branch="false" />
			<line number="141"  hits="1"  branch="false" />
			<line number="143"  hits="1"  branch="false" />
			<line number="145"  hits="10"  branch="false" />
			<line number="149"  hits="1"  branch="false" />
			<line number="151"  hits="7"  branch="false" />
			<line number="152"  hits="7"  branch="false" />
			<line number="154"  hits="7"  branch="true"  condition-coverage="100% (2/2)" />
			<line number="156"  hits="6"  branch="false" />
			<line number="160"  hits="1"  branch="false" />
			<line number="163"  hits="7"  branch="true"  condition-coverage="75% (3/4)" />
			<line number="165"  hits="0"  branch="false" />
			<line number="168"  hits="7"  branch="false" />
			<line number="173"  hits="7"  branch="true"  condition-coverage="100% (2/2)" />
			<line number="175"  hits="6"  branch="false" />
			<line number="178"  hits="7"  branch="false" />
			<line number="182"  hits="1"  branch="false" />
			<line number="184"  hits="1"  branch="false" />
			<line number="186"  hits="1"  branch="false" />
			<line number="192"  hits="1"  branch="false" />
			<line number="194"  hits="1"  branch="false" />
			<line number="196"  hits="8"  branch="false" />
			<line number="197"  hits="8"  branch="false" />
			<line number="200"  hits="1"  branch="false" />
			<line number="202"  hits="8"  branch="false" />
			<line number="203"  hits="8"  branch="false" />
			<line number="205"  hits="8"  branch="true"  condition-coverage="75% (3/4)" />
			<line number="207"  hits="0"  branch="false" />
			<line number="208"  hits="0"  branch="false" />
			<line number="210"  hits="8"  branch="false" />
			<line number="213"  hits="1"  branch="false" />
			<line number="215"  hits="4"  branch="false" />
			<line number="218"  hits="1"  branch="false" />
			<line number="220"  hits="14"  branch="false" />
			<line number="228"  hits="1"  branch="false" />
			<line number="230"  hits="1"  branch="false" />
			<line number="232"  hits="1"  branch="false" />
			<line number="234"  hits="1"  branch="false" />
			<line number="238"  hits="1"  branch="false" />
			<line number="240"  hits="14"  branch="true"  condition-coverage="100% (2/2)" />
			<line number="242"  hits="8"  branch="false" />
			<line number="251"  hits="14"  branch="false" />
			<line number="253"  hits="21"  branch="true"  condition-coverage="100% (2/2)" />
			<line number="255"  hits="14"  branch="false" />
			<line number="256"  hits="14"  branch="false" />
			<line number="260"  hits="14"  branch="false" />
			<line number="263"  hits="1"  branch="false" />
			<line number="265"  hits="3"  branch="false" />
			<line number="267"  hits="3"  branch="true"  condition-coverage="50% (1/2)" />
			<line number="269"  hits="3"  branch="false" />
			<line number="270"  hits="3"  branch="false" />
			<line number="274"  hits="0"  branch="false" />
			<line number="277"  hits="1"  branch="false" />
			<line number="279"  hits="4"  branch="false" />
			<line number="281"  hits="4"  branch="true"  condition-coverage="50% (1/2)" />
			<line number="283"  hits="4"  branch="false" />
			<line number="284"  hits="4"  branch="false" />
			<line number="286"  hits="4"  branch="true"  condition-coverage="100% (2/2)" />
			<line number="288"  hits="1"  branch="false" />
			<line number="291"  hits="4"  branch="false" />
			<line number="295"  hits="0"  branch="false" />
			<line number="298"  hits="1"  branch="false" />
			<line number="300"  hits="31"  branch="false" />
			<line number="303"  hits="1"  branch="false" />
			<line number="305"  hits="14"  branch="false" />
			<line number="307"  hits="14"  branch="false" />
			<line number="309"  hits="10"  branch="true"  condition-coverage="100% (2/2)" />
			<line number="311"  hits="6"  branch="false" />
			<line number="314"  hits="8"  branch="false" />
			<line number="317"  hits="1"  branch="false" />
			<line number="319"  hits="13"  branch="false" />
			<line number="321"  hits="13"  branch="false" />
			<line number="323"  hits="21"  branch="false" />
			<line number="324"  hits="21"  branch="false" />
			<line number="327"  hits="13"  branch="false" />
			<line number="330"  hits="1"  branch="false" />
			<line number="332"  hits="1"  branch="false" />
			<line number="333"  hits="1"  branch="true"  condition-coverage="50% (1/2)" />
			<line number="335"  hits="1"  branch="false" />
			<line number="342"  hits="1"  branch="false" />
			<line number="343"  hits="1"  branch="false" />
			<line number="344"  hits="1"  branch="false" />
			<line number="349"  hits="1"  branch="false" />
			<line number="351"  hits="1"  branch="false" />
			<line number="353"  hits="0"  branch="false" />
			<line number="356"  hits="1"  branch="false" />
			<line number="358"  hits="0"  branch="false" />
			<line number="360"  hits="0"  branch="false" />
			<line number="363"  hits="1"  branch="false" />
			<line number="365"  hits="1"  branch="false" />
			<line number="369"  hits="36"  branch="false" />
			<line number="373"  hits="36"  branch="true"  condition-coverage="100% (2/2)" />
			<line number="375"  hits="1"  branch="false" />
			<line number="378"  hits="36"  branch="false" />
			<line number="380"  hits="36"  branch="true"  condition-coverage="100% (2/2)" />
			<line number="382"  hits="34"  branch="false" />
			<line number="385"  hits="36"  branch="false" />
			<line number="389"  hits="44"  branch="false" />
			<line number="391"  hits="44"  branch="false" />
			<line number="393"  hits="234"  branch="false" />
			<line number="395"  hits="234"  branch="false" />
			<line number="397"  hits="185"  branch="false" />
			<line number="401"  hits="44"  branch="false" />
			<line number="405"  hits="1"  branch="false" />
			<line number="406"  hits="1"  branch="false" />
			<line number="407"  hits="1"  branch="false" />
			<line number="409"  hits="1"  branch="false" />
			<line number="410"  hits="1"  branch="true"  condition-coverage="50% (1/2)" />
			<line number="412"  hits="1"  branch="false" />
			<line number="419"  hits="0"  branch="false" />
			<line number="420"  hits="0"  branch="false" />
			<line number="421"  hits="0"  branch="false" />
			<line number="422"  hits="0"  branch="false" />
			<line number="424"  hits="0"  branch="false" />
			<line number="425"  hits="0"  branch="false" />
			<line number="426"  hits="0"  branch="false" />
			<line number="428"  hits="0"  branch="false" />
			<line number="429"  hits="0"  branch="false" />
			<line number="433"  hits="1"  branch="false" />
			<line number="435"  hits="1"  branch="false" />
			<line number="437"  hits="0"  branch="false" />
			<line number="439"  hits="0"  branch="false" />
			<line number="442"  hits="1"  branch="false" />
			<line number="444"  hits="0"  branch="false" />
			<line number="447"  hits="1"  branch="false" />
			<line number="449"  hits="0"  branch="false" />
			<line number="450"  hits="0"  branch="false" />
			<line number="451"  hits="0"  branch="false" />
			<line number="453"  hits="0"  branch="false" />
			<line number="455"  hits="0"  branch="false" />
			<line number="458"  hits="1"  branch="false" />
			<line number="460"  hits="0"  branch="false" />
			<line number="461"  hits="0"  branch="false" />
			<line number="462"  hits="0"  branch="false" />
			<line number="463"  hits="0"  branch="false" />
			<line number="464"  hits="0"  branch="false" />
			<line number="466"  hits="0"  branch="false" />
			<line number="468"  hits="0"  branch="true"  condition-coverage="0% (0/2)" />
			<line number="470"  hits="0"  branch="false" />
			<line number="473"  hits="0"  branch="false" />
			<line number="475"  hits="0"  branch="true"  condition-coverage="0% (0/2)" />
			<line number="477"  hits="0"  branch="false" />
			<line number="478"  hits="0"  branch="false" />
			<line number="479"  hits="0"  branch="false" />
			<line number="482"  hits="0"  branch="false" />
			<line number="488"  hits="1"  branch="false" />
			<line number="490"  hits="0"  branch="false" />
			<line number="491"  hits="0"  branch="false" />
			<line number="493"  hits="0"  branch="false" />
			<line number="496"  hits="0"  branch="false" />
			<line number="502"  hits="1"  branch="false" />
			<line number="504"  hits="1"  branch="false" />
			<line number="506"  hits="1"  branch="false" />
			<line number="507"  hits="1"  branch="false" />
			<line number="509"  hits="1"  branch="false" />
			<line number="512"  hits="1"  branch="false" />
			<line number="514"  hits="1"  branch="false" />
			<line number="515"  hits="1"  branch="false" />
			<line number="518"  hits="1"  branch="false" />
			<line number="520"  hits="0"  branch="false" />
			<line number="521"  hits="0"  branch="false" />
			<line number="523"  hits="0"  branch="false" />
			<line number="524"  hits="0"  branch="false" />
			<line number="526"  hits="0"  branch="false" />
			<line number="531"  hits="1"  branch="false" />
			<line number="533"  hits="1"  branch="false" />
			<line number="534"  hits="1"  branch="false" />
			<line number="536"  hits="10"  branch="false" />
			<line number="537"  hits="10"  branch="false" />
			<line number="539"  hits="10"  branch="false" />
			<line number="541"  hits="10"  branch="false" />
			<line number="546"  hits="1"  branch="false" />
			<line number="548"  hits="10"  branch="false" />
			<line number="550"  hits="10"  branch="false" />
			<line number="552"  hits="10"  branch="true"  condition-coverage="50% (1/2)" />
			<line number="554"  hits="0"  branch="false" />
			<line number="557"  hits="10"  branch="true"  condition-coverage="100% (2/2)" />
			<line number="559"  hits="8"  branch="false" />
			<line number="560"  hits="8"  branch="false" />
			<line number="562"  hits="8"  branch="false" />
			<line number="564"  hits="7"  branch="false" />
			<line number="566"  hits="8"  branch="false" />
			<line number="574"  hits="1"  branch="false" />
			<line number="576"  hits="1"  branch="false" />
			<line number="578"  hits="2"  branch="true"  condition-coverage="50% (1/2)" />
			<line number="579"  hits="2"  branch="false" />
			<line number="587"  hits="2"  branch="false" />
			<line number="588"  hits="2"  branch="false" />
			<line number="589"  hits="2"  branch="false" />
			<line number="591"  hits="2"  branch="false" />
			<line number="594"  hits="1"  branch="false" />
			<line number="596"  hits="2"  branch="false" />
			<line number="598"  hits="2"  branch="false" />
			<line number="600"  hits="6"  branch="false" />
			<line number="601"  hits="6"  branch="false" />
			<line number="604"  hits="2"  branch="false" />
			<line number="606"  hits="2"  branch="false" />
			<line number="607"  hits="2"  branch="false" />
			<line number="610"  hits="2"  branch="false" />
			<line number="612"  hits="2"  branch="false" />
			<line number="613"  hits="2"  branch="false" />
			<line number="616"  hits="2"  branch="false" />
			<line number="618"  hits="2"  branch="false" />
			<line number="619"  hits="2"  branch="false" />
			<line number="628"  hits="1"  branch="false" />
			<line number="630"  hits="2"  branch="false" />
			<line number="632"  hits="2"  branch="false" />
			<line number="635"  hits="1"  branch="false" />
			<line number="637"  hits="6"  branch="false" />
			<line number="638"  hits="6"  branch="false" />
			<line number="639"  hits="6"  branch="false" />
			<line number="641"  hits="6"  branch="false" />
			<line number="644"  hits="1"  branch="false" />
			<line number="646"  hits="2"  branch="false" />
			<line number="648"  hits="2"  branch="false" />
			<line number="651"  hits="1"  branch="false" />
			<line number="653"  hits="2"  branch="false" />
			<line number="655"  hits="2"  branch="false" />
			<line number="662"  hits="1"  branch="false" />
			<line number="664"  hits="12"  branch="false" />
			<line number="665"  hits="12"  branch="false" />
			<line number="666"  hits="12"  branch="false" />
			<line number="669"  hits="1"  branch="false" />
			<line number="671"  hits="12"  branch="false" />
			<line number="672"  hits="12"  branch="false" />
			<line number="674"  hits="20"  branch="false" />
			<line number="675"  hits="20"  branch="false" />
			<line number="679"  hits="1"  branch="false" />
			<line number="681"  hits="12"  branch="false" />
			<line number="682"  hits="12"  branch="false" />
		</lines>
		</class>
	</classes>
	</package>
</packages>
</coverage>
